#
# A fatal error has been detected by the Java Runtime Environment:
#
#  EXCEPTION_ACCESS_VIOLATION (0xc0000005) at pc=0x00007ffc37ca278c, pid=4644, tid=6468
#
# JRE version: OpenJDK Runtime Environment (11.0.8+10) (build 11.0.8+10-b944.6842174)
# Java VM: OpenJDK 64-Bit Server VM (11.0.8+10-b944.6842174, mixed mode, tiered, compressed oops, g1 gc, windows-amd64)
# Problematic frame:
# V  [jvm.dll+0x2b278c]
#
# No core dump will be written. Minidumps are not enabled by default on client versions of Windows
#
# If you would like to submit a bug report, please visit:
#   https://bugreport.java.com/bugreport/crash.jsp
#

---------------  S U M M A R Y ------------

Command Line: --add-opens=java.base/java.util=ALL-UNNAMED --add-opens=java.base/java.lang=ALL-UNNAMED --add-opens=java.base/java.lang.invoke=ALL-UNNAMED --add-opens=java.prefs/java.util.prefs=ALL-UNNAMED -Xmx2048m -Dfile.encoding=UTF-8 -Duser.country=ID -Duser.language=en -Duser.variant org.gradle.launcher.daemon.bootstrap.GradleDaemon 6.7.1

Host: Intel(R) Core(TM) i7-7500U CPU @ 2.70GHz, 4 cores, 15G,  Windows 10 , 64 bit Build 19041 (10.0.19041.928)
Time: Tue May 11 17:35:03 2021 SE Asia Standard Time elapsed time: 3 seconds (0d 0h 0m 3s)

---------------  T H R E A D  ---------------

Current thread (0x000002652aed4800):  JavaThread "C2 CompilerThread0" daemon [_thread_in_native, id=6468, stack(0x000000f98c100000,0x000000f98c200000)]


Current CompileTask:
C2:   3101 2181       4       java.net.URLClassLoader$1::run (5 bytes)

Stack: [0x000000f98c100000,0x000000f98c200000],  sp=0x000000f98c1fab88,  free space=1002k
Native frames: (J=compiled Java code, j=interpreted, Vv=VM code, C=native code)
V  [jvm.dll+0x2b278c]
V  [jvm.dll+0x2b22aa]
V  [jvm.dll+0x502098]
V  [jvm.dll+0x1ff393]
V  [jvm.dll+0x1f917c]
V  [jvm.dll+0x1f685f]
V  [jvm.dll+0x17f32c]
V  [jvm.dll+0x205047]
V  [jvm.dll+0x203891]
V  [jvm.dll+0x6dad3f]
V  [jvm.dll+0x6d3895]
V  [jvm.dll+0x5dd4a6]
C  [ucrtbase.dll+0x21bb2]
C  [KERNEL32.DLL+0x17034]
C  [ntdll.dll+0x52651]


siginfo: EXCEPTION_ACCESS_VIOLATION (0xc0000005), reading address 0x000000652fe16068


Register to memory mapping:

RIP=0x00007ffc37ca278c jvm.dll
RAX=0x000002652fe4e360 points into unknown readable memory: b0 b8 98 2d 65 02 00 00
RBX=0x000002652fe4e388 points into unknown readable memory: 50 60 e1 2f 65 00 00 00
RCX=0x000002652fe4d5a0 points into unknown readable memory: e8 b7 98 2d 65 02 00 00
RDX=0x000002652fe4e360 points into unknown readable memory: b0 b8 98 2d 65 02 00 00
RSP=0x000000f98c1fab88 is pointing into the stack for thread: 0x000002652aed4800
RBP=0x000002652fe4e360 points into unknown readable memory: b0 b8 98 2d 65 02 00 00
RSI=0x000002652fe16050 points into unknown readable memory: 00 00 00 00 00 00 00 00
RDI=0x000002652fe4d5a0 points into unknown readable memory: e8 b7 98 2d 65 02 00 00
R8 =0x000002652fe16050 points into unknown readable memory: 00 00 00 00 00 00 00 00
R9 =0x000000652fe16050 is an unknown value
R10=0x0000000000000057 is an unknown value
R11=0x000002652fe4e360 points into unknown readable memory: b0 b8 98 2d 65 02 00 00
R12=0x000002652f9cc7b0 points into unknown readable memory: 40 60 e1 2f 65 02 00 00
R13=0x000002652d98b8b0 points into unknown readable memory: b0 35 1c 38 fc 7f 00 00
R14=0x000002652fe4e360 points into unknown readable memory: b0 b8 98 2d 65 02 00 00
R15=0x000002652f698020 points into unknown readable memory: 01 00 00 00 ff ff ff ff


Registers:
RAX=0x000002652fe4e360, RBX=0x000002652fe4e388, RCX=0x000002652fe4d5a0, RDX=0x000002652fe4e360
RSP=0x000000f98c1fab88, RBP=0x000002652fe4e360, RSI=0x000002652fe16050, RDI=0x000002652fe4d5a0
R8 =0x000002652fe16050, R9 =0x000000652fe16050, R10=0x0000000000000057, R11=0x000002652fe4e360
R12=0x000002652f9cc7b0, R13=0x000002652d98b8b0, R14=0x000002652fe4e360, R15=0x000002652f698020
RIP=0x00007ffc37ca278c, EFLAGS=0x0000000000010206

Top of Stack: (sp=0x000000f98c1fab88)
0x000000f98c1fab88:   00007ffc37ca22aa 000002652fe4d5a0
0x000000f98c1fab98:   000002652fe16050 0000000000000000
0x000000f98c1faba8:   0000000000000001 0000000000000b3c
0x000000f98c1fabb8:   000002652fe16050 000002652aeccb20
0x000000f98c1fabc8:   000002652f9cc7b0 000002652f9d98a0
0x000000f98c1fabd8:   0000000000266fd8 000002652f9d98a0
0x000000f98c1fabe8:   00007ffc3824cb68 000002652aeccb20
0x000000f98c1fabf8:   00007ffc00000200 000002652da42fa0
0x000000f98c1fac08:   0000000000000001 0000000001d603be
0x000000f98c1fac18:   000002652aeccb20 0000000000000009
0x000000f98c1fac28:   000002652a62c060 0000000000000000
0x000000f98c1fac38:   000000f98c1fb0e0 000000f98c1fdb01
0x000000f98c1fac48:   000000f98c1fad60 0000000000000000
0x000000f98c1fac58:   00007ffc37ef2098 000000f98c1fb0e0
0x000000f98c1fac68:   000000f900000e93 000002652f698020
0x000000f98c1fac78:   000002652fe4e360 000002652aeccb20 

Instructions: (pc=0x00007ffc37ca278c)
0x00007ffc37ca268c:   00 00 00 00 49 8b 09 49 83 c1 08 66 0f 1f 84 00
0x00007ffc37ca269c:   00 00 00 00 48 8b 01 8b 50 28 89 34 93 48 8b 41
0x00007ffc37ca26ac:   40 48 8b 49 48 48 85 c0 74 07 49 89 00 49 83 c0
0x00007ffc37ca26bc:   08 48 85 c9 75 de 4d 3b ca 72 c9 4d 3b d0 72 b5
0x00007ffc37ca26cc:   4c 8b 4d 10 48 8b 8d f8 09 00 00 49 8b 81 40 02
0x00007ffc37ca26dc:   00 00 44 8b 40 28 49 8b 81 38 02 00 00 4a 89 04
0x00007ffc37ca26ec:   c1 48 8b 45 10 48 8b 88 40 02 00 00 48 8b 85 00
0x00007ffc37ca26fc:   0a 00 00 44 8b 41 28 42 c7 04 80 01 00 00 00 48
0x00007ffc37ca270c:   8d 05 66 44 52 00 48 89 44 24 58 49 83 3c 24 00
0x00007ffc37ca271c:   74 15 48 8b 54 24 48 49 8b ce e8 35 6b e0 ff 49
0x00007ffc37ca272c:   8b cc e8 dd 69 e0 ff 48 8b 44 24 50 49 89 46 20
0x00007ffc37ca273c:   4d 89 66 10 4d 89 6e 18 48 81 c4 88 00 00 00 41
0x00007ffc37ca274c:   5f 41 5e 41 5d 41 5c 5f 5e 5d 5b c3 cc cc cc cc
0x00007ffc37ca275c:   cc cc cc cc 48 89 5c 24 08 48 89 6c 24 10 48 89
0x00007ffc37ca276c:   74 24 18 48 89 7c 24 20 4c 8b 4a 28 48 8d 5a 28
0x00007ffc37ca277c:   4c 8b 5a 18 49 8b f0 48 8b ea 48 8b f9 48 8b c2
0x00007ffc37ca278c:   4d 8b 51 18 45 8b 4a 08 45 39 4b 08 73 5a 66 0f
0x00007ffc37ca279c:   1f 44 00 00 4c 8b 0b 44 8b 50 0c 49 8b 49 28 44
0x00007ffc37ca27ac:   8b 41 0c 41 8b 49 0c 45 03 c2 03 c9 44 3b c1 72
0x00007ffc37ca27bc:   10 49 89 41 20 48 8b 0b 48 8b 51 28 48 89 13 eb
0x00007ffc37ca27cc:   0e 45 89 51 0c 48 8b 0b 48 89 48 20 48 8b c1 48
0x00007ffc37ca27dc:   8b 48 28 48 8d 58 28 4c 8b 45 18 48 8b 51 18 8b
0x00007ffc37ca27ec:   4a 08 41 39 48 08 72 ac 48 8b 4d 18 48 89 48 18
0x00007ffc37ca27fc:   8b 4d 0c 01 4f 0c 8b 4d 0c 03 c9 39 4f 0c 73 0b
0x00007ffc37ca280c:   48 8b c8 48 8b 47 28 48 89 4f 28 48 3b c6 74 11
0x00007ffc37ca281c:   0f 1f 40 00 48 89 78 20 48 8b 40 28 48 3b c6 75
0x00007ffc37ca282c:   f3 48 8b 5c 24 08 48 8b 6c 24 10 48 8b 74 24 18
0x00007ffc37ca283c:   48 8b 7c 24 20 c3 cc cc cc cc cc cc cc cc cc cc
0x00007ffc37ca284c:   cc cc cc cc 40 53 55 56 57 41 54 41 55 41 56 41
0x00007ffc37ca285c:   57 48 83 ec 38 8b 59 40 4c 8b e1 3b 59 20 72 0b
0x00007ffc37ca286c:   8b d3 48 83 c1 20 e8 a9 98 e5 ff 49 8b 44 24 30
0x00007ffc37ca287c:   33 ff 8b 0d 88 eb 76 00 ba 08 00 00 00 48 89 3c 


Stack slot to memory mapping:
stack at sp + 0 slots: 0x00007ffc37ca22aa jvm.dll
stack at sp + 1 slots: 0x000002652fe4d5a0 points into unknown readable memory: e8 b7 98 2d 65 02 00 00
stack at sp + 2 slots: 0x000002652fe16050 points into unknown readable memory: 00 00 00 00 00 00 00 00
stack at sp + 3 slots: 0x0 is NULL
stack at sp + 4 slots: 0x0000000000000001 is an unknown value
stack at sp + 5 slots: 0x0000000000000b3c is an unknown value
stack at sp + 6 slots: 0x000002652fe16050 points into unknown readable memory: 00 00 00 00 00 00 00 00
stack at sp + 7 slots: 0x000002652aeccb20 points into unknown readable memory: 06 00 00 00 2f 43 68 61


---------------  P R O C E S S  ---------------

Threads class SMR info:
_java_thread_list=0x000002652d52a850, length=25, elements={
0x00000265103f7800, 0x000002652a646800, 0x000002652ae74800, 0x000002652aece800,
0x000002652aed0000, 0x000002652aed4800, 0x000002652aee3800, 0x000002652aee5000,
0x000002652b04e000, 0x000002652b05b000, 0x000002652c9b7000, 0x000002652bd15800,
0x000002652c360800, 0x000002652ca5c000, 0x000002652ca45000, 0x000002652d35d800,
0x000002652ce97000, 0x000002652d140800, 0x000002652cf78000, 0x000002652cf2e800,
0x000002652d312800, 0x000002652d361000, 0x000002652d35e800, 0x000002652d361800,
0x000002652d35f000
}

Java Threads: ( => current thread )
  0x00000265103f7800 JavaThread "main" [_thread_blocked, id=8844, stack(0x000000f98b600000,0x000000f98b700000)]
  0x000002652a646800 JavaThread "Reference Handler" daemon [_thread_blocked, id=10672, stack(0x000000f98bd00000,0x000000f98be00000)]
  0x000002652ae74800 JavaThread "Finalizer" daemon [_thread_blocked, id=9404, stack(0x000000f98be00000,0x000000f98bf00000)]
  0x000002652aece800 JavaThread "Signal Dispatcher" daemon [_thread_blocked, id=2148, stack(0x000000f98bf00000,0x000000f98c000000)]
  0x000002652aed0000 JavaThread "Attach Listener" daemon [_thread_blocked, id=1892, stack(0x000000f98c000000,0x000000f98c100000)]
=>0x000002652aed4800 JavaThread "C2 CompilerThread0" daemon [_thread_in_native, id=6468, stack(0x000000f98c100000,0x000000f98c200000)]
  0x000002652aee3800 JavaThread "C1 CompilerThread0" daemon [_thread_blocked, id=3224, stack(0x000000f98c200000,0x000000f98c300000)]
  0x000002652aee5000 JavaThread "Sweeper thread" daemon [_thread_blocked, id=6192, stack(0x000000f98c300000,0x000000f98c400000)]
  0x000002652b04e000 JavaThread "Common-Cleaner" daemon [_thread_blocked, id=4676, stack(0x000000f98c400000,0x000000f98c500000)]
  0x000002652b05b000 JavaThread "Service Thread" daemon [_thread_blocked, id=7844, stack(0x000000f98c500000,0x000000f98c600000)]
  0x000002652c9b7000 JavaThread "Daemon health stats" [_thread_blocked, id=2708, stack(0x000000f98cb00000,0x000000f98cc00000)]
  0x000002652bd15800 JavaThread "Incoming local TCP Connector on port 50271" [_thread_in_native, id=5996, stack(0x000000f98cd00000,0x000000f98ce00000)]
  0x000002652c360800 JavaThread "Daemon periodic checks" [_thread_blocked, id=6404, stack(0x000000f98ce00000,0x000000f98cf00000)]
  0x000002652ca5c000 JavaThread "Daemon" [_thread_blocked, id=6548, stack(0x000000f98cf00000,0x000000f98d000000)]
  0x000002652ca45000 JavaThread "Handler for socket connection from /127.0.0.1:50271 to /127.0.0.1:50272" [_thread_in_native, id=9576, stack(0x000000f98d000000,0x000000f98d100000)]
  0x000002652d35d800 JavaThread "C2 CompilerThread1" daemon [_thread_in_native, id=7648, stack(0x000000f98d100000,0x000000f98d200000)]
  0x000002652ce97000 JavaThread "Cancel handler" [_thread_blocked, id=6348, stack(0x000000f98d200000,0x000000f98d300000)]
  0x000002652d140800 JavaThread "Daemon worker" [_thread_in_Java, id=7456, stack(0x000000f98d300000,0x000000f98d400000)]
  0x000002652cf78000 JavaThread "Asynchronous log dispatcher for DefaultDaemonConnection: socket connection from /127.0.0.1:50271 to /127.0.0.1:50272" [_thread_blocked, id=3912, stack(0x000000f98d400000,0x000000f98d500000)]
  0x000002652cf2e800 JavaThread "Stdin handler" [_thread_blocked, id=5784, stack(0x000000f98d500000,0x000000f98d600000)]
  0x000002652d312800 JavaThread "Thread-8" [_thread_blocked, id=1332, stack(0x000000f98d600000,0x000000f98d700000)]
  0x000002652d361000 JavaThread "Cache worker for file hash cache (C:\Users\FADEL\.gradle\caches\6.7.1\fileHashes)" [_thread_blocked, id=6080, stack(0x000000f98d700000,0x000000f98d800000)]
  0x000002652d35e800 JavaThread "File lock request listener" [_thread_in_native, id=9608, stack(0x000000f98d800000,0x000000f98d900000)]
  0x000002652d361800 JavaThread "Cache worker for journal cache (C:\Users\FADEL\.gradle\caches\journal-1)" [_thread_blocked, id=8232, stack(0x000000f98d900000,0x000000f98da00000)]
  0x000002652d35f000 JavaThread "Cache worker for file hash cache (C:\Users\FADEL\AndroidStudioProjects\MoviesApp\.gradle\6.7.1\fileHashes)" [_thread_blocked, id=7872, stack(0x000000f98da00000,0x000000f98db00000)]

Other Threads:
  0x000002652a642000 VMThread "VM Thread" [stack: 0x000000f98bc00000,0x000000f98bd00000] [id=3268]
  0x000002652b05c000 WatcherThread [stack: 0x000000f98c600000,0x000000f98c700000] [id=7172]
  0x0000026510411000 GCTaskThread "GC Thread#0" [stack: 0x000000f98b700000,0x000000f98b800000] [id=7816]
  0x000002652bb40800 GCTaskThread "GC Thread#1" [stack: 0x000000f98c800000,0x000000f98c900000] [id=9392]
  0x000002652b661000 GCTaskThread "GC Thread#2" [stack: 0x000000f98c900000,0x000000f98ca00000] [id=5832]
  0x000002652b661800 GCTaskThread "GC Thread#3" [stack: 0x000000f98ca00000,0x000000f98cb00000] [id=1672]
  0x0000026510444000 ConcurrentGCThread "G1 Main Marker" [stack: 0x000000f98b800000,0x000000f98b900000] [id=840]
  0x0000026510446000 ConcurrentGCThread "G1 Conc#0" [stack: 0x000000f98b900000,0x000000f98ba00000] [id=8200]
  0x000002652a4b0800 ConcurrentGCThread "G1 Refine#0" [stack: 0x000000f98ba00000,0x000000f98bb00000] [id=10892]
  0x000002652a4b1000 ConcurrentGCThread "G1 Young RemSet Sampling" [stack: 0x000000f98bb00000,0x000000f98bc00000] [id=5392]

Threads with active compile tasks:
C2 CompilerThread0   3216 2181       4       java.net.URLClassLoader$1::run (5 bytes)
C1 CompilerThread0   3216 2215       3       com.google.common.base.Preconditions::checkElementIndex (25 bytes)
C2 CompilerThread1   3216 2182   !   4       java.net.URLClassLoader$1::run (63 bytes)

VM state:not at safepoint (normal execution)

VM Mutex/Monitor currently owned by a thread: None

Heap address: 0x0000000080000000, size: 2048 MB, Compressed Oops mode: 32-bit
Narrow klass base: 0x0000000000000000, Narrow klass shift: 3
Compressed class space size: 1073741824 Address: 0x0000000100000000

Heap:
 garbage-first heap   total 262144K, used 54274K [0x0000000080000000, 0x0000000100000000)
  region size 1024K, 43 young (44032K), 4 survivors (4096K)
 Metaspace       used 25259K, capacity 25948K, committed 26112K, reserved 1071104K
  class space    used 3268K, capacity 3506K, committed 3584K, reserved 1048576K
Heap Regions: E=young(eden), S=young(survivor), O=old, HS=humongous(starts), HC=humongous(continues), CS=collection set, F=free, A=archive, TAMS=top-at-mark-start (previous, next)
|   0|0x0000000080000000, 0x0000000080100000, 0x0000000080100000|100%| O|  |TAMS 0x0000000080100000, 0x0000000080000000| Untracked 
|   1|0x0000000080100000, 0x0000000080200000, 0x0000000080200000|100%| O|  |TAMS 0x0000000080200000, 0x0000000080100000| Untracked 
|   2|0x0000000080200000, 0x0000000080300000, 0x0000000080300000|100%| O|  |TAMS 0x0000000080300000, 0x0000000080200000| Untracked 
|   3|0x0000000080300000, 0x0000000080400000, 0x0000000080400000|100%|HS|  |TAMS 0x0000000080400000, 0x0000000080300000| Complete 
|   4|0x0000000080400000, 0x0000000080500000, 0x0000000080500000|100%|HC|  |TAMS 0x0000000080500000, 0x0000000080400000| Complete 
|   5|0x0000000080500000, 0x0000000080600000, 0x0000000080600000|100%|HC|  |TAMS 0x0000000080600000, 0x0000000080500000| Complete 
|   6|0x0000000080600000, 0x0000000080700000, 0x0000000080700000|100%| O|  |TAMS 0x0000000080700000, 0x0000000080600000| Untracked 
|   7|0x0000000080700000, 0x0000000080800000, 0x0000000080800000|100%| O|  |TAMS 0x0000000080800000, 0x0000000080700000| Untracked 
|   8|0x0000000080800000, 0x0000000080900000, 0x0000000080900000|100%| O|  |TAMS 0x0000000080900000, 0x0000000080800000| Untracked 
|   9|0x0000000080900000, 0x0000000080a00000, 0x0000000080a00000|100%| O|  |TAMS 0x0000000080a00000, 0x0000000080900000| Untracked 
|  10|0x0000000080a00000, 0x0000000080b00000, 0x0000000080b00000|100%| O|  |TAMS 0x0000000080b00000, 0x0000000080a00000| Untracked 
|  11|0x0000000080b00000, 0x0000000080c00000, 0x0000000080c00000|100%| O|  |TAMS 0x0000000080c00000, 0x0000000080b00000| Untracked 
|  12|0x0000000080c00000, 0x0000000080cc4800, 0x0000000080d00000| 76%| O|  |TAMS 0x0000000080cc4800, 0x0000000080c00000| Untracked 
|  13|0x0000000080d00000, 0x0000000080d00000, 0x0000000080e00000|  0%| F|  |TAMS 0x0000000080d00000, 0x0000000080d00000| Untracked 
|  14|0x0000000080e00000, 0x0000000080e00000, 0x0000000080f00000|  0%| F|  |TAMS 0x0000000080e00000, 0x0000000080e00000| Untracked 
|  15|0x0000000080f00000, 0x0000000080f00000, 0x0000000081000000|  0%| F|  |TAMS 0x0000000080f00000, 0x0000000080f00000| Untracked 
|  16|0x0000000081000000, 0x0000000081000000, 0x0000000081100000|  0%| F|  |TAMS 0x0000000081000000, 0x0000000081000000| Untracked 
|  17|0x0000000081100000, 0x0000000081100000, 0x0000000081200000|  0%| F|  |TAMS 0x0000000081100000, 0x0000000081100000| Untracked 
|  18|0x0000000081200000, 0x0000000081200000, 0x0000000081300000|  0%| F|  |TAMS 0x0000000081200000, 0x0000000081200000| Untracked 
|  19|0x0000000081300000, 0x0000000081300000, 0x0000000081400000|  0%| F|  |TAMS 0x0000000081300000, 0x0000000081300000| Untracked 
|  20|0x0000000081400000, 0x0000000081400000, 0x0000000081500000|  0%| F|  |TAMS 0x0000000081400000, 0x0000000081400000| Untracked 
|  21|0x0000000081500000, 0x0000000081500000, 0x0000000081600000|  0%| F|  |TAMS 0x0000000081500000, 0x0000000081500000| Untracked 
|  22|0x0000000081600000, 0x0000000081600000, 0x0000000081700000|  0%| F|  |TAMS 0x0000000081600000, 0x0000000081600000| Untracked 
|  23|0x0000000081700000, 0x0000000081700000, 0x0000000081800000|  0%| F|  |TAMS 0x0000000081700000, 0x0000000081700000| Untracked 
|  24|0x0000000081800000, 0x0000000081800000, 0x0000000081900000|  0%| F|  |TAMS 0x0000000081800000, 0x0000000081800000| Untracked 
|  25|0x0000000081900000, 0x0000000081900000, 0x0000000081a00000|  0%| F|  |TAMS 0x0000000081900000, 0x0000000081900000| Untracked 
|  26|0x0000000081a00000, 0x0000000081a00000, 0x0000000081b00000|  0%| F|  |TAMS 0x0000000081a00000, 0x0000000081a00000| Untracked 
|  27|0x0000000081b00000, 0x0000000081b00000, 0x0000000081c00000|  0%| F|  |TAMS 0x0000000081b00000, 0x0000000081b00000| Untracked 
|  28|0x0000000081c00000, 0x0000000081c00000, 0x0000000081d00000|  0%| F|  |TAMS 0x0000000081c00000, 0x0000000081c00000| Untracked 
|  29|0x0000000081d00000, 0x0000000081d00000, 0x0000000081e00000|  0%| F|  |TAMS 0x0000000081d00000, 0x0000000081d00000| Untracked 
|  30|0x0000000081e00000, 0x0000000081e00000, 0x0000000081f00000|  0%| F|  |TAMS 0x0000000081e00000, 0x0000000081e00000| Untracked 
|  31|0x0000000081f00000, 0x0000000081f00000, 0x0000000082000000|  0%| F|  |TAMS 0x0000000081f00000, 0x0000000081f00000| Untracked 
|  32|0x0000000082000000, 0x0000000082000000, 0x0000000082100000|  0%| F|  |TAMS 0x0000000082000000, 0x0000000082000000| Untracked 
|  33|0x0000000082100000, 0x0000000082100000, 0x0000000082200000|  0%| F|  |TAMS 0x0000000082100000, 0x0000000082100000| Untracked 
|  34|0x0000000082200000, 0x0000000082200000, 0x0000000082300000|  0%| F|  |TAMS 0x0000000082200000, 0x0000000082200000| Untracked 
|  35|0x0000000082300000, 0x0000000082300000, 0x0000000082400000|  0%| F|  |TAMS 0x0000000082300000, 0x0000000082300000| Untracked 
|  36|0x0000000082400000, 0x0000000082400000, 0x0000000082500000|  0%| F|  |TAMS 0x0000000082400000, 0x0000000082400000| Untracked 
|  37|0x0000000082500000, 0x0000000082500000, 0x0000000082600000|  0%| F|  |TAMS 0x0000000082500000, 0x0000000082500000| Untracked 
|  38|0x0000000082600000, 0x0000000082600000, 0x0000000082700000|  0%| F|  |TAMS 0x0000000082600000, 0x0000000082600000| Untracked 
|  39|0x0000000082700000, 0x0000000082700000, 0x0000000082800000|  0%| F|  |TAMS 0x0000000082700000, 0x0000000082700000| Untracked 
|  40|0x0000000082800000, 0x0000000082800000, 0x0000000082900000|  0%| F|  |TAMS 0x0000000082800000, 0x0000000082800000| Untracked 
|  41|0x0000000082900000, 0x0000000082900000, 0x0000000082a00000|  0%| F|  |TAMS 0x0000000082900000, 0x0000000082900000| Untracked 
|  42|0x0000000082a00000, 0x0000000082a00000, 0x0000000082b00000|  0%| F|  |TAMS 0x0000000082a00000, 0x0000000082a00000| Untracked 
|  43|0x0000000082b00000, 0x0000000082b00000, 0x0000000082c00000|  0%| F|  |TAMS 0x0000000082b00000, 0x0000000082b00000| Untracked 
|  44|0x0000000082c00000, 0x0000000082c00000, 0x0000000082d00000|  0%| F|  |TAMS 0x0000000082c00000, 0x0000000082c00000| Untracked 
|  45|0x0000000082d00000, 0x0000000082d00000, 0x0000000082e00000|  0%| F|  |TAMS 0x0000000082d00000, 0x0000000082d00000| Untracked 
|  46|0x0000000082e00000, 0x0000000082e00000, 0x0000000082f00000|  0%| F|  |TAMS 0x0000000082e00000, 0x0000000082e00000| Untracked 
|  47|0x0000000082f00000, 0x0000000082f00000, 0x0000000083000000|  0%| F|  |TAMS 0x0000000082f00000, 0x0000000082f00000| Untracked 
|  48|0x0000000083000000, 0x0000000083000000, 0x0000000083100000|  0%| F|  |TAMS 0x0000000083000000, 0x0000000083000000| Untracked 
|  49|0x0000000083100000, 0x0000000083100000, 0x0000000083200000|  0%| F|  |TAMS 0x0000000083100000, 0x0000000083100000| Untracked 
|  50|0x0000000083200000, 0x0000000083200000, 0x0000000083300000|  0%| F|  |TAMS 0x0000000083200000, 0x0000000083200000| Untracked 
|  51|0x0000000083300000, 0x0000000083300000, 0x0000000083400000|  0%| F|  |TAMS 0x0000000083300000, 0x0000000083300000| Untracked 
|  52|0x0000000083400000, 0x0000000083400000, 0x0000000083500000|  0%| F|  |TAMS 0x0000000083400000, 0x0000000083400000| Untracked 
|  53|0x0000000083500000, 0x0000000083500000, 0x0000000083600000|  0%| F|  |TAMS 0x0000000083500000, 0x0000000083500000| Untracked 
|  54|0x0000000083600000, 0x0000000083600000, 0x0000000083700000|  0%| F|  |TAMS 0x0000000083600000, 0x0000000083600000| Untracked 
|  55|0x0000000083700000, 0x0000000083700000, 0x0000000083800000|  0%| F|  |TAMS 0x0000000083700000, 0x0000000083700000| Untracked 
|  56|0x0000000083800000, 0x0000000083800000, 0x0000000083900000|  0%| F|  |TAMS 0x0000000083800000, 0x0000000083800000| Untracked 
|  57|0x0000000083900000, 0x0000000083900000, 0x0000000083a00000|  0%| F|  |TAMS 0x0000000083900000, 0x0000000083900000| Untracked 
|  58|0x0000000083a00000, 0x0000000083a00000, 0x0000000083b00000|  0%| F|  |TAMS 0x0000000083a00000, 0x0000000083a00000| Untracked 
|  59|0x0000000083b00000, 0x0000000083b00000, 0x0000000083c00000|  0%| F|  |TAMS 0x0000000083b00000, 0x0000000083b00000| Untracked 
|  60|0x0000000083c00000, 0x0000000083c00000, 0x0000000083d00000|  0%| F|  |TAMS 0x0000000083c00000, 0x0000000083c00000| Untracked 
|  61|0x0000000083d00000, 0x0000000083d00000, 0x0000000083e00000|  0%| F|  |TAMS 0x0000000083d00000, 0x0000000083d00000| Untracked 
|  62|0x0000000083e00000, 0x0000000083e00000, 0x0000000083f00000|  0%| F|  |TAMS 0x0000000083e00000, 0x0000000083e00000| Untracked 
|  63|0x0000000083f00000, 0x0000000083f00000, 0x0000000084000000|  0%| F|  |TAMS 0x0000000083f00000, 0x0000000083f00000| Untracked 
|  64|0x0000000084000000, 0x0000000084000000, 0x0000000084100000|  0%| F|  |TAMS 0x0000000084000000, 0x0000000084000000| Untracked 
|  65|0x0000000084100000, 0x0000000084100000, 0x0000000084200000|  0%| F|  |TAMS 0x0000000084100000, 0x0000000084100000| Untracked 
|  66|0x0000000084200000, 0x0000000084200000, 0x0000000084300000|  0%| F|  |TAMS 0x0000000084200000, 0x0000000084200000| Untracked 
|  67|0x0000000084300000, 0x0000000084300000, 0x0000000084400000|  0%| F|  |TAMS 0x0000000084300000, 0x0000000084300000| Untracked 
|  68|0x0000000084400000, 0x0000000084400000, 0x0000000084500000|  0%| F|  |TAMS 0x0000000084400000, 0x0000000084400000| Untracked 
|  69|0x0000000084500000, 0x0000000084500000, 0x0000000084600000|  0%| F|  |TAMS 0x0000000084500000, 0x0000000084500000| Untracked 
|  70|0x0000000084600000, 0x0000000084600000, 0x0000000084700000|  0%| F|  |TAMS 0x0000000084600000, 0x0000000084600000| Untracked 
|  71|0x0000000084700000, 0x0000000084700000, 0x0000000084800000|  0%| F|  |TAMS 0x0000000084700000, 0x0000000084700000| Untracked 
|  72|0x0000000084800000, 0x0000000084800000, 0x0000000084900000|  0%| F|  |TAMS 0x0000000084800000, 0x0000000084800000| Untracked 
|  73|0x0000000084900000, 0x0000000084900000, 0x0000000084a00000|  0%| F|  |TAMS 0x0000000084900000, 0x0000000084900000| Untracked 
|  74|0x0000000084a00000, 0x0000000084a00000, 0x0000000084b00000|  0%| F|  |TAMS 0x0000000084a00000, 0x0000000084a00000| Untracked 
|  75|0x0000000084b00000, 0x0000000084b00000, 0x0000000084c00000|  0%| F|  |TAMS 0x0000000084b00000, 0x0000000084b00000| Untracked 
|  76|0x0000000084c00000, 0x0000000084c00000, 0x0000000084d00000|  0%| F|  |TAMS 0x0000000084c00000, 0x0000000084c00000| Untracked 
|  77|0x0000000084d00000, 0x0000000084d00000, 0x0000000084e00000|  0%| F|  |TAMS 0x0000000084d00000, 0x0000000084d00000| Untracked 
|  78|0x0000000084e00000, 0x0000000084e00000, 0x0000000084f00000|  0%| F|  |TAMS 0x0000000084e00000, 0x0000000084e00000| Untracked 
|  79|0x0000000084f00000, 0x0000000084f00000, 0x0000000085000000|  0%| F|  |TAMS 0x0000000084f00000, 0x0000000084f00000| Untracked 
|  80|0x0000000085000000, 0x0000000085000000, 0x0000000085100000|  0%| F|  |TAMS 0x0000000085000000, 0x0000000085000000| Untracked 
|  81|0x0000000085100000, 0x0000000085100000, 0x0000000085200000|  0%| F|  |TAMS 0x0000000085100000, 0x0000000085100000| Untracked 
|  82|0x0000000085200000, 0x0000000085200000, 0x0000000085300000|  0%| F|  |TAMS 0x0000000085200000, 0x0000000085200000| Untracked 
|  83|0x0000000085300000, 0x0000000085300000, 0x0000000085400000|  0%| F|  |TAMS 0x0000000085300000, 0x0000000085300000| Untracked 
|  84|0x0000000085400000, 0x0000000085400000, 0x0000000085500000|  0%| F|  |TAMS 0x0000000085400000, 0x0000000085400000| Untracked 
|  85|0x0000000085500000, 0x0000000085500000, 0x0000000085600000|  0%| F|  |TAMS 0x0000000085500000, 0x0000000085500000| Untracked 
|  86|0x0000000085600000, 0x0000000085600000, 0x0000000085700000|  0%| F|  |TAMS 0x0000000085600000, 0x0000000085600000| Untracked 
|  87|0x0000000085700000, 0x0000000085700000, 0x0000000085800000|  0%| F|  |TAMS 0x0000000085700000, 0x0000000085700000| Untracked 
|  88|0x0000000085800000, 0x0000000085800000, 0x0000000085900000|  0%| F|  |TAMS 0x0000000085800000, 0x0000000085800000| Untracked 
|  89|0x0000000085900000, 0x0000000085900000, 0x0000000085a00000|  0%| F|  |TAMS 0x0000000085900000, 0x0000000085900000| Untracked 
|  90|0x0000000085a00000, 0x0000000085a00000, 0x0000000085b00000|  0%| F|  |TAMS 0x0000000085a00000, 0x0000000085a00000| Untracked 
|  91|0x0000000085b00000, 0x0000000085b00000, 0x0000000085c00000|  0%| F|  |TAMS 0x0000000085b00000, 0x0000000085b00000| Untracked 
|  92|0x0000000085c00000, 0x0000000085c00000, 0x0000000085d00000|  0%| F|  |TAMS 0x0000000085c00000, 0x0000000085c00000| Untracked 
|  93|0x0000000085d00000, 0x0000000085d00000, 0x0000000085e00000|  0%| F|  |TAMS 0x0000000085d00000, 0x0000000085d00000| Untracked 
|  94|0x0000000085e00000, 0x0000000085e00000, 0x0000000085f00000|  0%| F|  |TAMS 0x0000000085e00000, 0x0000000085e00000| Untracked 
|  95|0x0000000085f00000, 0x0000000085f00000, 0x0000000086000000|  0%| F|  |TAMS 0x0000000085f00000, 0x0000000085f00000| Untracked 
|  96|0x0000000086000000, 0x0000000086000000, 0x0000000086100000|  0%| F|  |TAMS 0x0000000086000000, 0x0000000086000000| Untracked 
|  97|0x0000000086100000, 0x0000000086100000, 0x0000000086200000|  0%| F|  |TAMS 0x0000000086100000, 0x0000000086100000| Untracked 
|  98|0x0000000086200000, 0x0000000086200000, 0x0000000086300000|  0%| F|  |TAMS 0x0000000086200000, 0x0000000086200000| Untracked 
|  99|0x0000000086300000, 0x0000000086300000, 0x0000000086400000|  0%| F|  |TAMS 0x0000000086300000, 0x0000000086300000| Untracked 
| 100|0x0000000086400000, 0x0000000086400000, 0x0000000086500000|  0%| F|  |TAMS 0x0000000086400000, 0x0000000086400000| Untracked 
| 101|0x0000000086500000, 0x0000000086500000, 0x0000000086600000|  0%| F|  |TAMS 0x0000000086500000, 0x0000000086500000| Untracked 
| 102|0x0000000086600000, 0x0000000086600000, 0x0000000086700000|  0%| F|  |TAMS 0x0000000086600000, 0x0000000086600000| Untracked 
| 103|0x0000000086700000, 0x0000000086700000, 0x0000000086800000|  0%| F|  |TAMS 0x0000000086700000, 0x0000000086700000| Untracked 
| 104|0x0000000086800000, 0x0000000086800000, 0x0000000086900000|  0%| F|  |TAMS 0x0000000086800000, 0x0000000086800000| Untracked 
| 105|0x0000000086900000, 0x0000000086900000, 0x0000000086a00000|  0%| F|  |TAMS 0x0000000086900000, 0x0000000086900000| Untracked 
| 106|0x0000000086a00000, 0x0000000086a00000, 0x0000000086b00000|  0%| F|  |TAMS 0x0000000086a00000, 0x0000000086a00000| Untracked 
| 107|0x0000000086b00000, 0x0000000086b00000, 0x0000000086c00000|  0%| F|  |TAMS 0x0000000086b00000, 0x0000000086b00000| Untracked 
| 108|0x0000000086c00000, 0x0000000086c00000, 0x0000000086d00000|  0%| F|  |TAMS 0x0000000086c00000, 0x0000000086c00000| Untracked 
| 109|0x0000000086d00000, 0x0000000086d00000, 0x0000000086e00000|  0%| F|  |TAMS 0x0000000086d00000, 0x0000000086d00000| Untracked 
| 110|0x0000000086e00000, 0x0000000086e00000, 0x0000000086f00000|  0%| F|  |TAMS 0x0000000086e00000, 0x0000000086e00000| Untracked 
| 111|0x0000000086f00000, 0x0000000086f00000, 0x0000000087000000|  0%| F|  |TAMS 0x0000000086f00000, 0x0000000086f00000| Untracked 
| 112|0x0000000087000000, 0x0000000087000000, 0x0000000087100000|  0%| F|  |TAMS 0x0000000087000000, 0x0000000087000000| Untracked 
| 113|0x0000000087100000, 0x0000000087100000, 0x0000000087200000|  0%| F|  |TAMS 0x0000000087100000, 0x0000000087100000| Untracked 
| 114|0x0000000087200000, 0x0000000087200000, 0x0000000087300000|  0%| F|  |TAMS 0x0000000087200000, 0x0000000087200000| Untracked 
| 115|0x0000000087300000, 0x0000000087300000, 0x0000000087400000|  0%| F|  |TAMS 0x0000000087300000, 0x0000000087300000| Untracked 
| 116|0x0000000087400000, 0x0000000087400000, 0x0000000087500000|  0%| F|  |TAMS 0x0000000087400000, 0x0000000087400000| Untracked 
| 117|0x0000000087500000, 0x0000000087500000, 0x0000000087600000|  0%| F|  |TAMS 0x0000000087500000, 0x0000000087500000| Untracked 
| 118|0x0000000087600000, 0x0000000087600000, 0x0000000087700000|  0%| F|  |TAMS 0x0000000087600000, 0x0000000087600000| Untracked 
| 119|0x0000000087700000, 0x0000000087700000, 0x0000000087800000|  0%| F|  |TAMS 0x0000000087700000, 0x0000000087700000| Untracked 
| 120|0x0000000087800000, 0x0000000087800000, 0x0000000087900000|  0%| F|  |TAMS 0x0000000087800000, 0x0000000087800000| Untracked 
| 121|0x0000000087900000, 0x0000000087900000, 0x0000000087a00000|  0%| F|  |TAMS 0x0000000087900000, 0x0000000087900000| Untracked 
| 122|0x0000000087a00000, 0x0000000087a00000, 0x0000000087b00000|  0%| F|  |TAMS 0x0000000087a00000, 0x0000000087a00000| Untracked 
| 123|0x0000000087b00000, 0x0000000087b00000, 0x0000000087c00000|  0%| F|  |TAMS 0x0000000087b00000, 0x0000000087b00000| Untracked 
| 124|0x0000000087c00000, 0x0000000087c00000, 0x0000000087d00000|  0%| F|  |TAMS 0x0000000087c00000, 0x0000000087c00000| Untracked 
| 125|0x0000000087d00000, 0x0000000087d00000, 0x0000000087e00000|  0%| F|  |TAMS 0x0000000087d00000, 0x0000000087d00000| Untracked 
| 126|0x0000000087e00000, 0x0000000087e00000, 0x0000000087f00000|  0%| F|  |TAMS 0x0000000087e00000, 0x0000000087e00000| Untracked 
| 127|0x0000000087f00000, 0x0000000087f00000, 0x0000000088000000|  0%| F|  |TAMS 0x0000000087f00000, 0x0000000087f00000| Untracked 
| 128|0x0000000088000000, 0x0000000088000000, 0x0000000088100000|  0%| F|  |TAMS 0x0000000088000000, 0x0000000088000000| Untracked 
| 129|0x0000000088100000, 0x0000000088100000, 0x0000000088200000|  0%| F|  |TAMS 0x0000000088100000, 0x0000000088100000| Untracked 
| 130|0x0000000088200000, 0x0000000088200000, 0x0000000088300000|  0%| F|  |TAMS 0x0000000088200000, 0x0000000088200000| Untracked 
| 131|0x0000000088300000, 0x0000000088300000, 0x0000000088400000|  0%| F|  |TAMS 0x0000000088300000, 0x0000000088300000| Untracked 
| 132|0x0000000088400000, 0x0000000088400000, 0x0000000088500000|  0%| F|  |TAMS 0x0000000088400000, 0x0000000088400000| Untracked 
| 133|0x0000000088500000, 0x0000000088500000, 0x0000000088600000|  0%| F|  |TAMS 0x0000000088500000, 0x0000000088500000| Untracked 
| 134|0x0000000088600000, 0x0000000088600000, 0x0000000088700000|  0%| F|  |TAMS 0x0000000088600000, 0x0000000088600000| Untracked 
| 135|0x0000000088700000, 0x0000000088700000, 0x0000000088800000|  0%| F|  |TAMS 0x0000000088700000, 0x0000000088700000| Untracked 
| 136|0x0000000088800000, 0x0000000088800000, 0x0000000088900000|  0%| F|  |TAMS 0x0000000088800000, 0x0000000088800000| Untracked 
| 137|0x0000000088900000, 0x0000000088900000, 0x0000000088a00000|  0%| F|  |TAMS 0x0000000088900000, 0x0000000088900000| Untracked 
| 138|0x0000000088a00000, 0x0000000088a00000, 0x0000000088b00000|  0%| F|  |TAMS 0x0000000088a00000, 0x0000000088a00000| Untracked 
| 139|0x0000000088b00000, 0x0000000088b00000, 0x0000000088c00000|  0%| F|  |TAMS 0x0000000088b00000, 0x0000000088b00000| Untracked 
| 140|0x0000000088c00000, 0x0000000088c00000, 0x0000000088d00000|  0%| F|  |TAMS 0x0000000088c00000, 0x0000000088c00000| Untracked 
| 141|0x0000000088d00000, 0x0000000088d00000, 0x0000000088e00000|  0%| F|  |TAMS 0x0000000088d00000, 0x0000000088d00000| Untracked 
| 142|0x0000000088e00000, 0x0000000088e00000, 0x0000000088f00000|  0%| F|  |TAMS 0x0000000088e00000, 0x0000000088e00000| Untracked 
| 143|0x0000000088f00000, 0x0000000088f00000, 0x0000000089000000|  0%| F|  |TAMS 0x0000000088f00000, 0x0000000088f00000| Untracked 
| 144|0x0000000089000000, 0x0000000089000000, 0x0000000089100000|  0%| F|  |TAMS 0x0000000089000000, 0x0000000089000000| Untracked 
| 145|0x0000000089100000, 0x0000000089100000, 0x0000000089200000|  0%| F|  |TAMS 0x0000000089100000, 0x0000000089100000| Untracked 
| 146|0x0000000089200000, 0x0000000089200000, 0x0000000089300000|  0%| F|  |TAMS 0x0000000089200000, 0x0000000089200000| Untracked 
| 147|0x0000000089300000, 0x0000000089300000, 0x0000000089400000|  0%| F|  |TAMS 0x0000000089300000, 0x0000000089300000| Untracked 
| 148|0x0000000089400000, 0x0000000089400000, 0x0000000089500000|  0%| F|  |TAMS 0x0000000089400000, 0x0000000089400000| Untracked 
| 149|0x0000000089500000, 0x0000000089500000, 0x0000000089600000|  0%| F|  |TAMS 0x0000000089500000, 0x0000000089500000| Untracked 
| 150|0x0000000089600000, 0x0000000089600000, 0x0000000089700000|  0%| F|  |TAMS 0x0000000089600000, 0x0000000089600000| Untracked 
| 151|0x0000000089700000, 0x0000000089700000, 0x0000000089800000|  0%| F|  |TAMS 0x0000000089700000, 0x0000000089700000| Untracked 
| 152|0x0000000089800000, 0x0000000089800000, 0x0000000089900000|  0%| F|  |TAMS 0x0000000089800000, 0x0000000089800000| Untracked 
| 153|0x0000000089900000, 0x0000000089900000, 0x0000000089a00000|  0%| F|  |TAMS 0x0000000089900000, 0x0000000089900000| Untracked 
| 154|0x0000000089a00000, 0x0000000089a00000, 0x0000000089b00000|  0%| F|  |TAMS 0x0000000089a00000, 0x0000000089a00000| Untracked 
| 155|0x0000000089b00000, 0x0000000089b00000, 0x0000000089c00000|  0%| F|  |TAMS 0x0000000089b00000, 0x0000000089b00000| Untracked 
| 156|0x0000000089c00000, 0x0000000089c00000, 0x0000000089d00000|  0%| F|  |TAMS 0x0000000089c00000, 0x0000000089c00000| Untracked 
| 157|0x0000000089d00000, 0x0000000089d00000, 0x0000000089e00000|  0%| F|  |TAMS 0x0000000089d00000, 0x0000000089d00000| Untracked 
| 158|0x0000000089e00000, 0x0000000089e00000, 0x0000000089f00000|  0%| F|  |TAMS 0x0000000089e00000, 0x0000000089e00000| Untracked 
| 159|0x0000000089f00000, 0x0000000089f00000, 0x000000008a000000|  0%| F|  |TAMS 0x0000000089f00000, 0x0000000089f00000| Untracked 
| 160|0x000000008a000000, 0x000000008a000000, 0x000000008a100000|  0%| F|  |TAMS 0x000000008a000000, 0x000000008a000000| Untracked 
| 161|0x000000008a100000, 0x000000008a100000, 0x000000008a200000|  0%| F|  |TAMS 0x000000008a100000, 0x000000008a100000| Untracked 
| 162|0x000000008a200000, 0x000000008a200000, 0x000000008a300000|  0%| F|  |TAMS 0x000000008a200000, 0x000000008a200000| Untracked 
| 163|0x000000008a300000, 0x000000008a300000, 0x000000008a400000|  0%| F|  |TAMS 0x000000008a300000, 0x000000008a300000| Untracked 
| 164|0x000000008a400000, 0x000000008a400000, 0x000000008a500000|  0%| F|  |TAMS 0x000000008a400000, 0x000000008a400000| Untracked 
| 165|0x000000008a500000, 0x000000008a500000, 0x000000008a600000|  0%| F|  |TAMS 0x000000008a500000, 0x000000008a500000| Untracked 
| 166|0x000000008a600000, 0x000000008a600000, 0x000000008a700000|  0%| F|  |TAMS 0x000000008a600000, 0x000000008a600000| Untracked 
| 167|0x000000008a700000, 0x000000008a700000, 0x000000008a800000|  0%| F|  |TAMS 0x000000008a700000, 0x000000008a700000| Untracked 
| 168|0x000000008a800000, 0x000000008a800000, 0x000000008a900000|  0%| F|  |TAMS 0x000000008a800000, 0x000000008a800000| Untracked 
| 169|0x000000008a900000, 0x000000008a900000, 0x000000008aa00000|  0%| F|  |TAMS 0x000000008a900000, 0x000000008a900000| Untracked 
| 170|0x000000008aa00000, 0x000000008aa00000, 0x000000008ab00000|  0%| F|  |TAMS 0x000000008aa00000, 0x000000008aa00000| Untracked 
| 171|0x000000008ab00000, 0x000000008ab00000, 0x000000008ac00000|  0%| F|  |TAMS 0x000000008ab00000, 0x000000008ab00000| Untracked 
| 172|0x000000008ac00000, 0x000000008ac00000, 0x000000008ad00000|  0%| F|  |TAMS 0x000000008ac00000, 0x000000008ac00000| Untracked 
| 173|0x000000008ad00000, 0x000000008ad00000, 0x000000008ae00000|  0%| F|  |TAMS 0x000000008ad00000, 0x000000008ad00000| Untracked 
| 174|0x000000008ae00000, 0x000000008ae00000, 0x000000008af00000|  0%| F|  |TAMS 0x000000008ae00000, 0x000000008ae00000| Untracked 
| 175|0x000000008af00000, 0x000000008af00000, 0x000000008b000000|  0%| F|  |TAMS 0x000000008af00000, 0x000000008af00000| Untracked 
| 176|0x000000008b000000, 0x000000008b000000, 0x000000008b100000|  0%| F|  |TAMS 0x000000008b000000, 0x000000008b000000| Untracked 
| 177|0x000000008b100000, 0x000000008b100000, 0x000000008b200000|  0%| F|  |TAMS 0x000000008b100000, 0x000000008b100000| Untracked 
| 178|0x000000008b200000, 0x000000008b200000, 0x000000008b300000|  0%| F|  |TAMS 0x000000008b200000, 0x000000008b200000| Untracked 
| 179|0x000000008b300000, 0x000000008b300000, 0x000000008b400000|  0%| F|  |TAMS 0x000000008b300000, 0x000000008b300000| Untracked 
| 180|0x000000008b400000, 0x000000008b400000, 0x000000008b500000|  0%| F|  |TAMS 0x000000008b400000, 0x000000008b400000| Untracked 
| 181|0x000000008b500000, 0x000000008b500000, 0x000000008b600000|  0%| F|  |TAMS 0x000000008b500000, 0x000000008b500000| Untracked 
| 182|0x000000008b600000, 0x000000008b600000, 0x000000008b700000|  0%| F|  |TAMS 0x000000008b600000, 0x000000008b600000| Untracked 
| 183|0x000000008b700000, 0x000000008b700000, 0x000000008b800000|  0%| F|  |TAMS 0x000000008b700000, 0x000000008b700000| Untracked 
| 184|0x000000008b800000, 0x000000008b800000, 0x000000008b900000|  0%| F|  |TAMS 0x000000008b800000, 0x000000008b800000| Untracked 
| 185|0x000000008b900000, 0x000000008b900000, 0x000000008ba00000|  0%| F|  |TAMS 0x000000008b900000, 0x000000008b900000| Untracked 
| 186|0x000000008ba00000, 0x000000008ba00000, 0x000000008bb00000|  0%| F|  |TAMS 0x000000008ba00000, 0x000000008ba00000| Untracked 
| 187|0x000000008bb00000, 0x000000008bb00000, 0x000000008bc00000|  0%| F|  |TAMS 0x000000008bb00000, 0x000000008bb00000| Untracked 
| 188|0x000000008bc00000, 0x000000008bc00000, 0x000000008bd00000|  0%| F|  |TAMS 0x000000008bc00000, 0x000000008bc00000| Untracked 
| 189|0x000000008bd00000, 0x000000008bd00000, 0x000000008be00000|  0%| F|  |TAMS 0x000000008bd00000, 0x000000008bd00000| Untracked 
| 190|0x000000008be00000, 0x000000008be00000, 0x000000008bf00000|  0%| F|  |TAMS 0x000000008be00000, 0x000000008be00000| Untracked 
| 191|0x000000008bf00000, 0x000000008bf00000, 0x000000008c000000|  0%| F|  |TAMS 0x000000008bf00000, 0x000000008bf00000| Untracked 
| 192|0x000000008c000000, 0x000000008c000000, 0x000000008c100000|  0%| F|  |TAMS 0x000000008c000000, 0x000000008c000000| Untracked 
| 193|0x000000008c100000, 0x000000008c100000, 0x000000008c200000|  0%| F|  |TAMS 0x000000008c100000, 0x000000008c100000| Untracked 
| 194|0x000000008c200000, 0x000000008c200000, 0x000000008c300000|  0%| F|  |TAMS 0x000000008c200000, 0x000000008c200000| Untracked 
| 195|0x000000008c300000, 0x000000008c300000, 0x000000008c400000|  0%| F|  |TAMS 0x000000008c300000, 0x000000008c300000| Untracked 
| 196|0x000000008c400000, 0x000000008c400000, 0x000000008c500000|  0%| F|  |TAMS 0x000000008c400000, 0x000000008c400000| Untracked 
| 197|0x000000008c500000, 0x000000008c500000, 0x000000008c600000|  0%| F|  |TAMS 0x000000008c500000, 0x000000008c500000| Untracked 
| 198|0x000000008c600000, 0x000000008c600000, 0x000000008c700000|  0%| F|  |TAMS 0x000000008c600000, 0x000000008c600000| Untracked 
| 199|0x000000008c700000, 0x000000008c700000, 0x000000008c800000|  0%| F|  |TAMS 0x000000008c700000, 0x000000008c700000| Untracked 
| 200|0x000000008c800000, 0x000000008c800000, 0x000000008c900000|  0%| F|  |TAMS 0x000000008c800000, 0x000000008c800000| Untracked 
| 201|0x000000008c900000, 0x000000008c900000, 0x000000008ca00000|  0%| F|  |TAMS 0x000000008c900000, 0x000000008c900000| Untracked 
| 202|0x000000008ca00000, 0x000000008ca00000, 0x000000008cb00000|  0%| F|  |TAMS 0x000000008ca00000, 0x000000008ca00000| Untracked 
| 203|0x000000008cb00000, 0x000000008cb00000, 0x000000008cc00000|  0%| F|  |TAMS 0x000000008cb00000, 0x000000008cb00000| Untracked 
| 204|0x000000008cc00000, 0x000000008cc00000, 0x000000008cd00000|  0%| F|  |TAMS 0x000000008cc00000, 0x000000008cc00000| Untracked 
| 205|0x000000008cd00000, 0x000000008cd00000, 0x000000008ce00000|  0%| F|  |TAMS 0x000000008cd00000, 0x000000008cd00000| Untracked 
| 206|0x000000008ce00000, 0x000000008ce00000, 0x000000008cf00000|  0%| F|  |TAMS 0x000000008ce00000, 0x000000008ce00000| Untracked 
| 207|0x000000008cf00000, 0x000000008cf00000, 0x000000008d000000|  0%| F|  |TAMS 0x000000008cf00000, 0x000000008cf00000| Untracked 
| 208|0x000000008d000000, 0x000000008d000000, 0x000000008d100000|  0%| F|  |TAMS 0x000000008d000000, 0x000000008d000000| Untracked 
| 209|0x000000008d100000, 0x000000008d100000, 0x000000008d200000|  0%| F|  |TAMS 0x000000008d100000, 0x000000008d100000| Untracked 
| 210|0x000000008d200000, 0x000000008d200000, 0x000000008d300000|  0%| F|  |TAMS 0x000000008d200000, 0x000000008d200000| Untracked 
| 211|0x000000008d300000, 0x000000008d300000, 0x000000008d400000|  0%| F|  |TAMS 0x000000008d300000, 0x000000008d300000| Untracked 
| 212|0x000000008d400000, 0x000000008d46e140, 0x000000008d500000| 42%| E|  |TAMS 0x000000008d400000, 0x000000008d400000| Complete 
| 213|0x000000008d500000, 0x000000008d600000, 0x000000008d600000|100%| E|CS|TAMS 0x000000008d500000, 0x000000008d500000| Complete 
| 214|0x000000008d600000, 0x000000008d700000, 0x000000008d700000|100%| E|CS|TAMS 0x000000008d600000, 0x000000008d600000| Complete 
| 215|0x000000008d700000, 0x000000008d800000, 0x000000008d800000|100%| E|CS|TAMS 0x000000008d700000, 0x000000008d700000| Complete 
| 216|0x000000008d800000, 0x000000008d900000, 0x000000008d900000|100%| E|CS|TAMS 0x000000008d800000, 0x000000008d800000| Complete 
| 217|0x000000008d900000, 0x000000008da00000, 0x000000008da00000|100%| E|CS|TAMS 0x000000008d900000, 0x000000008d900000| Complete 
| 218|0x000000008da00000, 0x000000008db00000, 0x000000008db00000|100%| E|CS|TAMS 0x000000008da00000, 0x000000008da00000| Complete 
| 219|0x000000008db00000, 0x000000008dc00000, 0x000000008dc00000|100%| E|CS|TAMS 0x000000008db00000, 0x000000008db00000| Complete 
| 220|0x000000008dc00000, 0x000000008dd00000, 0x000000008dd00000|100%| E|CS|TAMS 0x000000008dc00000, 0x000000008dc00000| Complete 
| 221|0x000000008dd00000, 0x000000008de00000, 0x000000008de00000|100%| E|CS|TAMS 0x000000008dd00000, 0x000000008dd00000| Complete 
| 222|0x000000008de00000, 0x000000008df00000, 0x000000008df00000|100%| E|CS|TAMS 0x000000008de00000, 0x000000008de00000| Complete 
| 223|0x000000008df00000, 0x000000008e000000, 0x000000008e000000|100%| E|CS|TAMS 0x000000008df00000, 0x000000008df00000| Complete 
| 224|0x000000008e000000, 0x000000008e100000, 0x000000008e100000|100%| E|CS|TAMS 0x000000008e000000, 0x000000008e000000| Complete 
| 225|0x000000008e100000, 0x000000008e200000, 0x000000008e200000|100%| E|CS|TAMS 0x000000008e100000, 0x000000008e100000| Complete 
| 226|0x000000008e200000, 0x000000008e300000, 0x000000008e300000|100%| E|CS|TAMS 0x000000008e200000, 0x000000008e200000| Complete 
| 227|0x000000008e300000, 0x000000008e400000, 0x000000008e400000|100%| E|CS|TAMS 0x000000008e300000, 0x000000008e300000| Complete 
| 228|0x000000008e400000, 0x000000008e500000, 0x000000008e500000|100%| E|CS|TAMS 0x000000008e400000, 0x000000008e400000| Complete 
| 229|0x000000008e500000, 0x000000008e600000, 0x000000008e600000|100%| E|CS|TAMS 0x000000008e500000, 0x000000008e500000| Complete 
| 230|0x000000008e600000, 0x000000008e700000, 0x000000008e700000|100%| E|  |TAMS 0x000000008e600000, 0x000000008e600000| Complete 
| 231|0x000000008e700000, 0x000000008e800000, 0x000000008e800000|100%| E|CS|TAMS 0x000000008e700000, 0x000000008e700000| Complete 
| 232|0x000000008e800000, 0x000000008e900000, 0x000000008e900000|100%| E|CS|TAMS 0x000000008e800000, 0x000000008e800000| Complete 
| 233|0x000000008e900000, 0x000000008ea00000, 0x000000008ea00000|100%| E|CS|TAMS 0x000000008e900000, 0x000000008e900000| Complete 
| 234|0x000000008ea00000, 0x000000008eb00000, 0x000000008eb00000|100%| E|CS|TAMS 0x000000008ea00000, 0x000000008ea00000| Complete 
| 235|0x000000008eb00000, 0x000000008ec00000, 0x000000008ec00000|100%| E|CS|TAMS 0x000000008eb00000, 0x000000008eb00000| Complete 
| 236|0x000000008ec00000, 0x000000008ed00000, 0x000000008ed00000|100%| E|CS|TAMS 0x000000008ec00000, 0x000000008ec00000| Complete 
| 237|0x000000008ed00000, 0x000000008ed3c320, 0x000000008ee00000| 23%| S|CS|TAMS 0x000000008ed00000, 0x000000008ed00000| Complete 
| 238|0x000000008ee00000, 0x000000008ef00000, 0x000000008ef00000|100%| S|CS|TAMS 0x000000008ee00000, 0x000000008ee00000| Complete 
| 239|0x000000008ef00000, 0x000000008f000000, 0x000000008f000000|100%| S|CS|TAMS 0x000000008ef00000, 0x000000008ef00000| Complete 
| 240|0x000000008f000000, 0x000000008f100000, 0x000000008f100000|100%| S|CS|TAMS 0x000000008f000000, 0x000000008f000000| Complete 
| 241|0x000000008f100000, 0x000000008f200000, 0x000000008f200000|100%| E|CS|TAMS 0x000000008f100000, 0x000000008f100000| Complete 
| 242|0x000000008f200000, 0x000000008f300000, 0x000000008f300000|100%| E|CS|TAMS 0x000000008f200000, 0x000000008f200000| Complete 
| 243|0x000000008f300000, 0x000000008f400000, 0x000000008f400000|100%| E|CS|TAMS 0x000000008f300000, 0x000000008f300000| Complete 
| 244|0x000000008f400000, 0x000000008f500000, 0x000000008f500000|100%| E|CS|TAMS 0x000000008f400000, 0x000000008f400000| Complete 
| 245|0x000000008f500000, 0x000000008f600000, 0x000000008f600000|100%| E|CS|TAMS 0x000000008f500000, 0x000000008f500000| Complete 
| 246|0x000000008f600000, 0x000000008f700000, 0x000000008f700000|100%| E|CS|TAMS 0x000000008f600000, 0x000000008f600000| Complete 
| 247|0x000000008f700000, 0x000000008f800000, 0x000000008f800000|100%| E|CS|TAMS 0x000000008f700000, 0x000000008f700000| Complete 
| 248|0x000000008f800000, 0x000000008f900000, 0x000000008f900000|100%| E|CS|TAMS 0x000000008f800000, 0x000000008f800000| Complete 
| 249|0x000000008f900000, 0x000000008fa00000, 0x000000008fa00000|100%| E|CS|TAMS 0x000000008f900000, 0x000000008f900000| Complete 
| 250|0x000000008fa00000, 0x000000008fb00000, 0x000000008fb00000|100%| E|CS|TAMS 0x000000008fa00000, 0x000000008fa00000| Complete 
| 251|0x000000008fb00000, 0x000000008fc00000, 0x000000008fc00000|100%| E|CS|TAMS 0x000000008fb00000, 0x000000008fb00000| Complete 
| 252|0x000000008fc00000, 0x000000008fd00000, 0x000000008fd00000|100%| E|CS|TAMS 0x000000008fc00000, 0x000000008fc00000| Complete 
| 253|0x000000008fd00000, 0x000000008fe00000, 0x000000008fe00000|100%| E|CS|TAMS 0x000000008fd00000, 0x000000008fd00000| Complete 
| 254|0x000000008fe00000, 0x000000008ff00000, 0x000000008ff00000|100%| E|CS|TAMS 0x000000008fe00000, 0x000000008fe00000| Complete 
| 255|0x000000008ff00000, 0x0000000090000000, 0x0000000090000000|100%| E|CS|TAMS 0x000000008ff00000, 0x000000008ff00000| Complete 

Card table byte_map: [0x00000265237c0000,0x0000026523bc0000] _byte_map_base: 0x00000265233c0000

Marking Bits (Prev, Next): (CMBitMap*) 0x000002651043b2d0, (CMBitMap*) 0x000002651043b298
 Prev Bits: [0x0000026525fc0000, 0x0000026527fc0000)
 Next Bits: [0x0000026523fc0000, 0x0000026525fc0000)

Polling page: 0x000002650ebf0000

Metaspace:

Usage:
  Non-class:     21.92 MB capacity,    21.52 MB ( 98%) used,   361.57 KB (  2%) free+waste,    47.31 KB ( <1%) overhead. 
      Class:      3.42 MB capacity,     3.20 MB ( 93%) used,   205.24 KB (  6%) free+waste,    23.44 KB ( <1%) overhead. 
       Both:     25.34 MB capacity,    24.72 MB ( 98%) used,   566.81 KB (  2%) free+waste,    70.75 KB ( <1%) overhead. 

Virtual space:
  Non-class space:       22.00 MB reserved,      22.00 MB (100%) committed 
      Class space:        1.00 GB reserved,       3.50 MB ( <1%) committed 
             Both:        1.02 GB reserved,      25.50 MB (  2%) committed 

Chunk freelists:
   Non-Class:  20.00 KB
       Class:  13.00 KB
        Both:  33.00 KB

MaxMetaspaceSize: 17179869184.00 GB
CompressedClassSpaceSize: 1.00 GB

CodeHeap 'non-profiled nmethods': size=120064Kb used=924Kb max_used=924Kb free=119139Kb
 bounds [0x000002651b840000, 0x000002651bab0000, 0x0000026522d80000]
CodeHeap 'profiled nmethods': size=120000Kb used=4264Kb max_used=4264Kb free=115735Kb
 bounds [0x0000026514310000, 0x0000026514740000, 0x000002651b840000]
CodeHeap 'non-nmethods': size=5696Kb used=1140Kb max_used=1171Kb free=4555Kb
 bounds [0x0000026513d80000, 0x0000026513ff0000, 0x0000026514310000]
 total_blobs=2508 nmethods=2031 adapters=388
 compilation: enabled
              stopped_count=0, restarted_count=0
 full_count=0

Compilation events (20 events):
Event: 3.006 Thread 0x000002652aee3800 2186       3       java.lang.reflect.ProxyGenerator::getParameterDescriptors (47 bytes)
Event: 3.007 Thread 0x000002652aee3800 nmethod 2186 0x000002651472c990 code [0x000002651472cc20, 0x000002651472d5e8]
Event: 3.007 Thread 0x000002652aee3800 2187       3       java.lang.reflect.ProxyGenerator::code_ipush (90 bytes)
Event: 3.008 Thread 0x000002652aee3800 nmethod 2187 0x000002651472d990 code [0x000002651472dc40, 0x000002651472ea08]
Event: 3.009 Thread 0x000002652aee3800 2188       1       java.lang.reflect.Constructor::getSharedParameterTypes (5 bytes)
Event: 3.009 Thread 0x000002652aee3800 nmethod 2188 0x000002651b926390 code [0x000002651b926540, 0x000002651b9265f8]
Event: 3.010 Thread 0x000002652aee3800 2189       3       java.util.concurrent.locks.ReentrantLock$Sync::<init> (5 bytes)
Event: 3.010 Thread 0x000002652aee3800 nmethod 2189 0x000002651472ee10 code [0x000002651472efe0, 0x000002651472f1f8]
Event: 3.010 Thread 0x000002652aee3800 2190       3       java.util.concurrent.locks.ReentrantLock$NonfairSync::<init> (5 bytes)
Event: 3.010 Thread 0x000002652aee3800 nmethod 2190 0x000002651472f310 code [0x000002651472f4e0, 0x000002651472f758]
Event: 3.012 Thread 0x000002652aee3800 2191       3       java.nio.Buffer::nextGetIndex (32 bytes)
Event: 3.013 Thread 0x000002652aee3800 nmethod 2191 0x000002651472f890 code [0x000002651472fa60, 0x000002651472fc28]
Event: 3.013 Thread 0x000002652aee3800 2192       3       java.lang.reflect.Method::getParameterCount (6 bytes)
Event: 3.013 Thread 0x000002652aee3800 nmethod 2192 0x000002651472fd10 code [0x000002651472fec0, 0x000002651472ffd8]
Event: 3.013 Thread 0x000002652aee3800 2193       3       java.io.FilterOutputStream::<init> (21 bytes)
Event: 3.014 Thread 0x000002652aee3800 nmethod 2193 0x0000026514730090 code [0x0000026514730260, 0x0000026514730598]
Event: 3.089 Thread 0x000002652aee3800 2195       3       java.util.concurrent.ConcurrentLinkedQueue::add (6 bytes)
Event: 3.089 Thread 0x000002652aee3800 nmethod 2195 0x0000026514730690 code [0x0000026514730840, 0x0000026514730988]
Event: 3.089 Thread 0x000002652aee3800 2196       3       java.util.concurrent.ConcurrentLinkedQueue$Node::<init> (13 bytes)
Event: 3.090 Thread 0x000002652aee3800 nmethod 2196 0x0000026514730a10 code [0x0000026514730c80, 0x00000265147314d8]

GC Heap History (10 events):
Event: 0.535 GC heap before
{Heap before GC invocations=0 (full 0):
 garbage-first heap   total 262144K, used 19456K [0x0000000080000000, 0x0000000100000000)
  region size 1024K, 14 young (14336K), 0 survivors (0K)
 Metaspace       used 7443K, capacity 7615K, committed 7680K, reserved 1056768K
  class space    used 686K, capacity 748K, committed 768K, reserved 1048576K
}
Event: 0.539 GC heap after
{Heap after GC invocations=1 (full 0):
 garbage-first heap   total 262144K, used 8148K [0x0000000080000000, 0x0000000100000000)
  region size 1024K, 2 young (2048K), 2 survivors (2048K)
 Metaspace       used 7443K, capacity 7615K, committed 7680K, reserved 1056768K
  class space    used 686K, capacity 748K, committed 768K, reserved 1048576K
}
Event: 0.810 GC heap before
{Heap before GC invocations=1 (full 0):
 garbage-first heap   total 262144K, used 19412K [0x0000000080000000, 0x0000000100000000)
  region size 1024K, 13 young (13312K), 2 survivors (2048K)
 Metaspace       used 10802K, capacity 11018K, committed 11264K, reserved 1058816K
  class space    used 1142K, capacity 1202K, committed 1280K, reserved 1048576K
}
Event: 0.813 GC heap after
{Heap after GC invocations=2 (full 0):
 garbage-first heap   total 262144K, used 9018K [0x0000000080000000, 0x0000000100000000)
  region size 1024K, 1 young (1024K), 1 survivors (1024K)
 Metaspace       used 10802K, capacity 11018K, committed 11264K, reserved 1058816K
  class space    used 1142K, capacity 1202K, committed 1280K, reserved 1048576K
}
Event: 1.121 GC heap before
{Heap before GC invocations=2 (full 0):
 garbage-first heap   total 262144K, used 36666K [0x0000000080000000, 0x0000000100000000)
  region size 1024K, 29 young (29696K), 1 survivors (1024K)
 Metaspace       used 10988K, capacity 11147K, committed 11264K, reserved 1058816K
  class space    used 1143K, capacity 1202K, committed 1280K, reserved 1048576K
}
Event: 1.124 GC heap after
{Heap after GC invocations=3 (full 0):
 garbage-first heap   total 262144K, used 13029K [0x0000000080000000, 0x0000000100000000)
  region size 1024K, 4 young (4096K), 4 survivors (4096K)
 Metaspace       used 10988K, capacity 11147K, committed 11264K, reserved 1058816K
  class space    used 1143K, capacity 1202K, committed 1280K, reserved 1048576K
}
Event: 2.209 GC heap before
{Heap before GC invocations=3 (full 0):
 garbage-first heap   total 262144K, used 55013K [0x0000000080000000, 0x0000000100000000)
  region size 1024K, 45 young (46080K), 4 survivors (4096K)
 Metaspace       used 18760K, capacity 19213K, committed 19328K, reserved 1067008K
  class space    used 2259K, capacity 2404K, committed 2432K, reserved 1048576K
}
Event: 2.219 GC heap after
{Heap after GC invocations=4 (full 0):
 garbage-first heap   total 262144K, used 16091K [0x0000000080000000, 0x0000000100000000)
  region size 1024K, 3 young (3072K), 3 survivors (3072K)
 Metaspace       used 18760K, capacity 19213K, committed 19328K, reserved 1067008K
  class space    used 2259K, capacity 2404K, committed 2432K, reserved 1048576K
}
Event: 2.414 GC heap before
{Heap before GC invocations=4 (full 0):
 garbage-first heap   total 262144K, used 30427K [0x0000000080000000, 0x0000000100000000)
  region size 1024K, 18 young (18432K), 3 survivors (3072K)
 Metaspace       used 20634K, capacity 21111K, committed 21248K, reserved 1067008K
  class space    used 2531K, capacity 2722K, committed 2816K, reserved 1048576K
}
Event: 2.420 GC heap after
{Heap after GC invocations=5 (full 0):
 garbage-first heap   total 262144K, used 16386K [0x0000000080000000, 0x0000000100000000)
  region size 1024K, 4 young (4096K), 4 survivors (4096K)
 Metaspace       used 20634K, capacity 21111K, committed 21248K, reserved 1067008K
  class space    used 2531K, capacity 2722K, committed 2816K, reserved 1048576K
}

Deoptimization events (20 events):
Event: 2.632 Thread 0x000002652d140800 Uncommon trap: trap_request=0xffffff4d fr.pc=0x000002651b89a754 relative=0x0000000000000094
Event: 2.632 Thread 0x000002652d140800 Uncommon trap: reason=unstable_if action=reinterpret pc=0x000002651b89a754 method=java.util.LinkedHashMap.afterNodeInsertion(Z)V @ 1 c2
Event: 2.632 Thread 0x000002652d140800 DEOPT PACKING pc=0x000002651b89a754 sp=0x000000f98d3fbb30
Event: 2.632 Thread 0x000002652d140800 DEOPT UNPACKING pc=0x0000026513da74af sp=0x000000f98d3fbab0 mode 2
Event: 2.632 Thread 0x000002652d140800 Uncommon trap: trap_request=0xffffff4d fr.pc=0x000002651b8874f8 relative=0x0000000000000138
Event: 2.632 Thread 0x000002652d140800 Uncommon trap: reason=unstable_if action=reinterpret pc=0x000002651b8874f8 method=java.util.HashMap.getNode(ILjava/lang/Object;)Ljava/util/HashMap$Node; @ 129 c2
Event: 2.632 Thread 0x000002652d140800 DEOPT PACKING pc=0x000002651b8874f8 sp=0x000000f98d3f9bd0
Event: 2.632 Thread 0x000002652d140800 DEOPT UNPACKING pc=0x0000026513da74af sp=0x000000f98d3f9ad0 mode 2
Event: 2.632 Thread 0x000002652d140800 Uncommon trap: trap_request=0xffffff4d fr.pc=0x000002651b876328 relative=0x00000000000001e8
Event: 2.632 Thread 0x000002652d140800 Uncommon trap: reason=unstable_if action=reinterpret pc=0x000002651b876328 method=java.util.HashMap.getNode(ILjava/lang/Object;)Ljava/util/HashMap$Node; @ 129 c2
Event: 2.632 Thread 0x000002652d140800 DEOPT PACKING pc=0x000002651b876328 sp=0x000000f98d3f9b30
Event: 2.632 Thread 0x000002652d140800 DEOPT UNPACKING pc=0x0000026513da74af sp=0x000000f98d3f9ab8 mode 2
Event: 2.767 Thread 0x000002652d140800 Uncommon trap: trap_request=0xffffff4d fr.pc=0x000002651b8890f0 relative=0x0000000000000230
Event: 2.767 Thread 0x000002652d140800 Uncommon trap: reason=unstable_if action=reinterpret pc=0x000002651b8890f0 method=java.util.concurrent.ConcurrentHashMap.get(Ljava/lang/Object;)Ljava/lang/Object; @ 76 c2
Event: 2.767 Thread 0x000002652d140800 DEOPT PACKING pc=0x000002651b8890f0 sp=0x000000f98d3f8720
Event: 2.767 Thread 0x000002652d140800 DEOPT UNPACKING pc=0x0000026513da74af sp=0x000000f98d3f8688 mode 2
Event: 2.842 Thread 0x000002652d140800 Uncommon trap: trap_request=0xffffff4d fr.pc=0x000002651b904c28 relative=0x0000000000000168
Event: 2.842 Thread 0x000002652d140800 Uncommon trap: reason=unstable_if action=reinterpret pc=0x000002651b904c28 method=java.util.HashMap.getNode(ILjava/lang/Object;)Ljava/util/HashMap$Node; @ 129 c2
Event: 2.842 Thread 0x000002652d140800 DEOPT PACKING pc=0x000002651b904c28 sp=0x000000f98d3fca90
Event: 2.842 Thread 0x000002652d140800 DEOPT UNPACKING pc=0x0000026513da74af sp=0x000000f98d3fc9a0 mode 2

Classes redefined (0 events):
No events

Internal exceptions (20 events):
Event: 1.913 Thread 0x000002652ca45000 Exception <a 'java/lang/NoSuchMethodError'{0x000000008e682780}: <clinit>> (0x000000008e682780) thrown at [./src/hotspot/share/prims/jni.cpp, line 1362]
Event: 1.927 Thread 0x000002652ca45000 Exception <a 'java/lang/NoSuchMethodError'{0x000000008e6dcb08}: <clinit>> (0x000000008e6dcb08) thrown at [./src/hotspot/share/prims/jni.cpp, line 1362]
Event: 1.936 Thread 0x000002652ca45000 Exception <a 'java/lang/NoSuchMethodError'{0x000000008e50c3a8}: <clinit>> (0x000000008e50c3a8) thrown at [./src/hotspot/share/prims/jni.cpp, line 1362]
Event: 1.943 Thread 0x000002652ca45000 Exception <a 'java/lang/NoSuchMethodError'{0x000000008e534f20}: <clinit>> (0x000000008e534f20) thrown at [./src/hotspot/share/prims/jni.cpp, line 1362]
Event: 2.032 Thread 0x000002652d140800 Exception <a 'java/lang/NoSuchMethodError'{0x000000008de6dc50}: 'void java.lang.invoke.DelegatingMethodHandle$Holder.reinvoke_L(java.lang.Object, java.lang.Object, java.lang.Object, java.lang.Object)'> (0x000000008de6dc50) thrown at [./src/hotspot/share/interpreter/linkResolver.cpp, line 773]
Event: 2.037 Thread 0x000002652d140800 Exception <a 'java/lang/NoSuchMethodError'{0x000000008dea49b0}: 'long java.lang.invoke.DirectMethodHandle$Holder.invokeInterface(java.lang.Object, java.lang.Object)'> (0x000000008dea49b0) thrown at [./src/hotspot/share/interpreter/linkResolver.cpp, line 773]
Event: 2.039 Thread 0x000002652d140800 Exception <a 'java/lang/NoSuchMethodError'{0x000000008dec6258}: 'void java.lang.invoke.DelegatingMethodHandle$Holder.reinvoke_L(java.lang.Object, java.lang.Object, java.lang.Object, java.lang.Object, java.lang.Object, java.lang.Object, java.lang.Object)'> (0x000000008dec6258) thrown at [./src/hotspot/share/interpreter/linkResolver.cpp, line 773]
Event: 2.258 Thread 0x000002652d140800 Exception <a 'java/lang/NoSuchMethodError'{0x000000008fc57f80}: 'java.lang.Object java.lang.invoke.DirectMethodHandle$Holder.invokeVirtual(java.lang.Object, java.lang.Object, java.lang.Object)'> (0x000000008fc57f80) thrown at [./src/hotspot/share/interpreter/linkResolver.cpp, line 773]
Event: 2.292 Thread 0x000002652d140800 Exception <a 'java/lang/NoSuchMethodError'{0x000000008f9d9480}: 'void java.lang.invoke.DirectMethodHandle$Holder.invokeStaticInit(java.lang.Object)'> (0x000000008f9d9480) thrown at [./src/hotspot/share/interpreter/linkResolver.cpp, line 773]
Event: 2.403 Thread 0x000002652d140800 Exception <a 'java/lang/NoSuchMethodError'{0x000000008f2601f0}: 'int java.lang.invoke.DirectMethodHandle$Holder.invokeSpecialIFC(java.lang.Object, java.lang.Object, java.lang.Object, java.lang.Object)'> (0x000000008f2601f0) thrown at [./src/hotspot/share/interpreter/linkResolver.cpp, line 773]
Event: 2.404 Thread 0x000002652d140800 Exception <a 'java/lang/NoSuchMethodError'{0x000000008f26dfb0}: 'java.lang.Object java.lang.invoke.DirectMethodHandle$Holder.invokeInterface(java.lang.Object, java.lang.Object, java.lang.Object)'> (0x000000008f26dfb0) thrown at [./src/hotspot/share/interpreter/linkResolver.cpp, line 773]
Event: 2.405 Thread 0x000002652d140800 Exception <a 'java/lang/IncompatibleClassChangeError'{0x000000008f271488}: Found class java.lang.Object, but interface was expected> (0x000000008f271488) thrown at [./src/hotspot/share/interpreter/linkResolver.cpp, line 839]
Event: 2.494 Thread 0x000002652d140800 Exception <a 'java/lang/NoSuchMethodError'{0x000000008fcfaec8}: 'void java.lang.invoke.DirectMethodHandle$Holder.invokeSpecial(java.lang.Object, java.lang.Object)'> (0x000000008fcfaec8) thrown at [./src/hotspot/share/interpreter/linkResolver.cpp, line 773]
Event: 2.605 Thread 0x000002652d140800 Exception <a 'java/lang/NoSuchMethodError'{0x000000008f2a4680}: 'java.lang.Object java.lang.invoke.DirectMethodHandle$Holder.invokeVirtual(java.lang.Object, java.lang.Object, java.lang.Object, java.lang.Object)'> (0x000000008f2a4680) thrown at [./src/hotspot/share/interpreter/linkResolver.cpp, line 773]
Event: 2.807 Thread 0x000002652d140800 Exception <a 'java/lang/NoSuchMethodError'{0x000000008e12d648}: 'void java.lang.invoke.DirectMethodHandle$Holder.invokeSpecial(java.lang.Object, java.lang.Object, java.lang.Object, java.lang.Object, java.lang.Object, java.lang.Object)'> (0x000000008e12d648) thrown at [./src/hotspot/share/interpreter/linkResolver.cpp, line 773]
Event: 2.836 Thread 0x000002652d140800 Exception <a 'java/lang/NoSuchMethodError'{0x000000008e0d5ae8}: 'java.lang.Object java.lang.invoke.Invokers$Holder.invoker(java.lang.Object, java.lang.Object, java.lang.Object)'> (0x000000008e0d5ae8) thrown at [./src/hotspot/share/interpreter/linkResolver.cpp, line 773]
Event: 2.860 Thread 0x000002652d140800 Exception <a 'java/lang/NoSuchMethodError'{0x000000008dfd4ea0}: 'void java.lang.invoke.DirectMethodHandle$Holder.invokeSpecial(java.lang.Object, java.lang.Object, java.lang.Object, java.lang.Object, java.lang.Object, java.lang.Object, java.lang.Object)'> (0x000000008dfd4ea0) thrown at [./src/hotspot/share/interpreter/linkResolver.cpp, line 773]
Event: 2.860 Thread 0x000002652d140800 Exception <a 'java/lang/NoSuchMethodError'{0x000000008dfdd0e8}: 'java.lang.Object java.lang.invoke.Invokers$Holder.linkToTargetMethod(java.lang.Object, java.lang.Object, java.lang.Object, java.lang.Object, java.lang.Object, java.lang.Object)'> (0x000000008dfdd0e8) thrown at [./src/hotspot/share/interpreter/linkResolver.cpp, line 773]
Event: 2.874 Thread 0x000002652d140800 Exception <a 'java/lang/NoSuchMethodError'{0x000000008deff7d8}: 'java.lang.Object java.lang.invoke.DirectMethodHandle$Holder.invokeVirtual(java.lang.Object, java.lang.Object, java.lang.Object, java.lang.Object, java.lang.Object, java.lang.Object, java.lang.Object, java.lang.Object, java.lang.Object, java.lang.Object, java.lang.Object, java.lang.Object, java.lang.Object, java.lang.Object, java.lang.Object, java.lang.Object, java.lang.Object)'> (0x000000008deff7d8) thrown at [./src/hotspot/share/interpreter/
Event: 2.879 Thread 0x000002652d140800 Exception <a 'java/lang/NoSuchMethodError'{0x000000008dd30350}: 'java.lang.Object java.lang.invoke.DirectMethodHandle$Holder.invokeSpecial(java.lang.Object, java.lang.Object, java.lang.Object, java.lang.Object, java.lang.Object, java.lang.Object, java.lang.Object, java.lang.Object, java.lang.Object)'> (0x000000008dd30350) thrown at [./src/hotspot/share/interpreter/linkResolver.cpp, line 773]

Events (20 events):
Event: 3.015 loading class org/gradle/execution/BuildOperationFiringBuildWorkerExecutor
Event: 3.015 loading class org/gradle/execution/BuildOperationFiringBuildWorkerExecutor done
Event: 3.016 loading class org/gradle/execution/DeprecateUndefinedBuildWorkExecutor
Event: 3.016 loading class org/gradle/execution/DeprecateUndefinedBuildWorkExecutor done
Event: 3.084 loading class org/gradle/execution/IncludedBuildLifecycleBuildWorkExecutor
Event: 3.084 loading class org/gradle/execution/IncludedBuildLifecycleBuildWorkExecutor done
Event: 3.084 loading class org/gradle/execution/DefaultBuildWorkExecutor
Event: 3.084 loading class org/gradle/execution/DefaultBuildWorkExecutor done
Event: 3.084 loading class org/gradle/execution/BuildExecutionAction
Event: 3.084 loading class org/gradle/execution/BuildExecutionAction done
Event: 3.085 loading class org/gradle/execution/DryRunBuildExecutionAction
Event: 3.085 loading class org/gradle/execution/DryRunBuildExecutionAction done
Event: 3.088 loading class org/gradle/execution/SelectedTaskExecutionAction
Event: 3.088 loading class org/gradle/execution/SelectedTaskExecutionAction done
Event: 3.090 loading class org/gradle/configurationcache/ConfigurationCacheHost$DefaultVintageGradleBuild
Event: 3.090 loading class org/gradle/configurationcache/ConfigurationCacheHost$DefaultVintageGradleBuild done
Event: 3.091 loading class org/gradle/configurationcache/VintageGradleBuild
Event: 3.091 loading class org/gradle/configurationcache/VintageGradleBuild done
Event: 3.093 loading class org/gradle/configurationcache/ConfigurationCacheRepository$cache$2
Event: 3.093 loading class org/gradle/configurationcache/ConfigurationCacheRepository$cache$2 done


Dynamic libraries:
0x00007ff73b430000 - 0x00007ff73b43a000 	C:\Program Files\Android\Android Studio\jre\bin\java.exe
0x00007ffc75790000 - 0x00007ffc75985000 	C:\Windows\SYSTEM32\ntdll.dll
0x00007ffc74c10000 - 0x00007ffc74ccd000 	C:\Windows\System32\KERNEL32.DLL
0x00007ffc73220000 - 0x00007ffc734e8000 	C:\Windows\System32\KERNELBASE.dll
0x00007ffc73600000 - 0x00007ffc73700000 	C:\Windows\System32\ucrtbase.dll
0x00007ffc6d5c0000 - 0x00007ffc6d5d9000 	C:\Program Files\Android\Android Studio\jre\bin\jli.dll
0x00007ffc74ed0000 - 0x00007ffc75070000 	C:\Windows\System32\USER32.dll
0x00007ffc618e0000 - 0x00007ffc61b7a000 	C:\Windows\WinSxS\amd64_microsoft.windows.common-controls_6595b64144ccf1df_6.0.19041.844_none_ca00b6081b84eb1d\COMCTL32.dll
0x00007ffc734f0000 - 0x00007ffc73512000 	C:\Windows\System32\win32u.dll
0x00007ffc6c430000 - 0x00007ffc6c447000 	C:\Program Files\Android\Android Studio\jre\bin\VCRUNTIME140.dll
0x00007ffc74e00000 - 0x00007ffc74e2a000 	C:\Windows\System32\GDI32.dll
0x00007ffc74e30000 - 0x00007ffc74ece000 	C:\Windows\System32\msvcrt.dll
0x00007ffc72fb0000 - 0x00007ffc730bb000 	C:\Windows\System32\gdi32full.dll
0x00007ffc73700000 - 0x00007ffc7379d000 	C:\Windows\System32\msvcp_win.dll
0x00007ffc751f0000 - 0x00007ffc75220000 	C:\Windows\System32\IMM32.DLL
0x00007ffc6b920000 - 0x00007ffc6b9bd000 	C:\Program Files\Android\Android Studio\jre\bin\msvcp140.dll
0x00007ffc379f0000 - 0x00007ffc384ac000 	C:\Program Files\Android\Android Studio\jre\bin\server\jvm.dll
0x00007ffc74b60000 - 0x00007ffc74c0c000 	C:\Windows\System32\ADVAPI32.dll
0x00007ffc73850000 - 0x00007ffc738eb000 	C:\Windows\System32\sechost.dll
0x00007ffc75590000 - 0x00007ffc756bb000 	C:\Windows\System32\RPCRT4.dll
0x00007ffc75310000 - 0x00007ffc75318000 	C:\Windows\System32\PSAPI.DLL
0x00007ffc5ccd0000 - 0x00007ffc5ccd9000 	C:\Windows\SYSTEM32\WSOCK32.dll
0x00007ffc61d30000 - 0x00007ffc61d57000 	C:\Windows\SYSTEM32\WINMM.dll
0x00007ffc6c940000 - 0x00007ffc6c94a000 	C:\Windows\SYSTEM32\VERSION.dll
0x00007ffc75380000 - 0x00007ffc753eb000 	C:\Windows\System32\WS2_32.dll
0x00007ffc70ff0000 - 0x00007ffc71002000 	C:\Windows\SYSTEM32\kernel.appcore.dll
0x00007ffc49db0000 - 0x00007ffc49dc1000 	C:\Program Files\Android\Android Studio\jre\bin\verify.dll
0x00007ffc70b70000 - 0x00007ffc70d54000 	C:\Windows\SYSTEM32\DBGHELP.DLL
0x00007ffc596c0000 - 0x00007ffc596ec000 	C:\Windows\SYSTEM32\dbgcore.DLL
0x00007ffc73580000 - 0x00007ffc73600000 	C:\Windows\System32\bcryptPrimitives.dll
0x00007ffc493f0000 - 0x00007ffc49419000 	C:\Program Files\Android\Android Studio\jre\bin\java.dll
0x00007ffc6cd30000 - 0x00007ffc6cd3b000 	C:\Program Files\Android\Android Studio\jre\bin\jimage.dll
0x00007ffc48a40000 - 0x00007ffc48a58000 	C:\Program Files\Android\Android Studio\jre\bin\zip.dll
0x00007ffc73d30000 - 0x00007ffc74472000 	C:\Windows\System32\SHELL32.dll
0x00007ffc71010000 - 0x00007ffc717a1000 	C:\Windows\SYSTEM32\windows.storage.dll
0x00007ffc738f0000 - 0x00007ffc73c45000 	C:\Windows\System32\combase.dll
0x00007ffc72940000 - 0x00007ffc7296c000 	C:\Windows\SYSTEM32\Wldp.dll
0x00007ffc754e0000 - 0x00007ffc7558e000 	C:\Windows\System32\SHCORE.dll
0x00007ffc737f0000 - 0x00007ffc73845000 	C:\Windows\System32\shlwapi.dll
0x00007ffc72e10000 - 0x00007ffc72e2f000 	C:\Windows\SYSTEM32\profapi.dll
0x00007ffc48a20000 - 0x00007ffc48a3a000 	C:\Program Files\Android\Android Studio\jre\bin\net.dll
0x00007ffc61100000 - 0x00007ffc6120b000 	C:\Windows\SYSTEM32\WINHTTP.dll
0x00007ffc726b0000 - 0x00007ffc7271a000 	C:\Windows\system32\mswsock.dll
0x00007ffc487f0000 - 0x00007ffc48804000 	C:\Program Files\Android\Android Studio\jre\bin\nio.dll
0x00007ffc6c480000 - 0x00007ffc6c4a7000 	C:\Users\FADEL\.gradle\native\fdc75f09e3144964f2cf3f50f0aa648679c211496f362492102eb8c894070792\windows-amd64\native-platform.dll
0x00007ffc440b0000 - 0x00007ffc44246000 	C:\Users\FADEL\.gradle\native\12488b8bf47d2d4c9fbf2f6322a914ad602e24e48041cd04a747c6da556b65c4\windows-amd64\native-platform-file-events.dll
0x00007ffc6b9c0000 - 0x00007ffc6b9ca000 	C:\Program Files\Android\Android Studio\jre\bin\management.dll
0x00007ffc68860000 - 0x00007ffc6886c000 	C:\Program Files\Android\Android Studio\jre\bin\management_ext.dll
0x00007ffc72890000 - 0x00007ffc728a8000 	C:\Windows\SYSTEM32\CRYPTSP.dll
0x00007ffc71fe0000 - 0x00007ffc72014000 	C:\Windows\system32\rsaenh.dll
0x00007ffc72f80000 - 0x00007ffc72fa7000 	C:\Windows\System32\bcrypt.dll
0x00007ffc72d90000 - 0x00007ffc72dbe000 	C:\Windows\SYSTEM32\USERENV.dll
0x00007ffc72880000 - 0x00007ffc7288c000 	C:\Windows\SYSTEM32\CRYPTBASE.dll
0x00007ffc72350000 - 0x00007ffc7238b000 	C:\Windows\SYSTEM32\IPHLPAPI.DLL
0x00007ffc75300000 - 0x00007ffc75308000 	C:\Windows\System32\NSI.dll
0x00007ffc6b5e0000 - 0x00007ffc6b5f7000 	C:\Windows\SYSTEM32\dhcpcsvc6.DLL
0x00007ffc6b620000 - 0x00007ffc6b63d000 	C:\Windows\SYSTEM32\dhcpcsvc.DLL
0x00007ffc72390000 - 0x00007ffc7245c000 	C:\Windows\SYSTEM32\DNSAPI.dll
0x00007ffc6b740000 - 0x00007ffc6b74b000 	C:\Windows\SYSTEM32\WINNSI.DLL

dbghelp: loaded successfully - version: 4.0.5 - missing functions: none
symbol engine: initialized successfully - sym options: 0x614 - pdb path: .;C:\Program Files\Android\Android Studio\jre\bin;C:\Windows\SYSTEM32;C:\Windows\WinSxS\amd64_microsoft.windows.common-controls_6595b64144ccf1df_6.0.19041.844_none_ca00b6081b84eb1d;C:\Program Files\Android\Android Studio\jre\bin\server;C:\Users\FADEL\.gradle\native\fdc75f09e3144964f2cf3f50f0aa648679c211496f362492102eb8c894070792\windows-amd64;C:\Users\FADEL\.gradle\native\12488b8bf47d2d4c9fbf2f6322a914ad602e24e48041cd04a747c6da556b65c4\windows-amd64

VM Arguments:
jvm_args: --add-opens=java.base/java.util=ALL-UNNAMED --add-opens=java.base/java.lang=ALL-UNNAMED --add-opens=java.base/java.lang.invoke=ALL-UNNAMED --add-opens=java.prefs/java.util.prefs=ALL-UNNAMED -Xmx2048m -Dfile.encoding=UTF-8 -Duser.country=ID -Duser.language=en -Duser.variant 
java_command: org.gradle.launcher.daemon.bootstrap.GradleDaemon 6.7.1
java_class_path (initial): C:\Users\FADEL\.gradle\wrapper\dists\gradle-6.7.1-bin\bwlcbys1h7rz3272sye1xwiv6\gradle-6.7.1\lib\gradle-launcher-6.7.1.jar
Launcher Type: SUN_STANDARD

[Global flags]
     intx CICompilerCount                          = 3                                         {product} {ergonomic}
     uint ConcGCThreads                            = 1                                         {product} {ergonomic}
     uint G1ConcRefinementThreads                  = 4                                         {product} {ergonomic}
   size_t G1HeapRegionSize                         = 1048576                                   {product} {ergonomic}
    uintx GCDrainStackTargetSize                   = 64                                        {product} {ergonomic}
   size_t InitialHeapSize                          = 268435456                                 {product} {ergonomic}
   size_t MarkStackSize                            = 4194304                                   {product} {ergonomic}
   size_t MaxHeapSize                              = 2147483648                                {product} {command line}
   size_t MaxNewSize                               = 1287651328                                {product} {ergonomic}
   size_t MinHeapDeltaBytes                        = 1048576                                   {product} {ergonomic}
    uintx NonNMethodCodeHeapSize                   = 5830732                                {pd product} {ergonomic}
    uintx NonProfiledCodeHeapSize                  = 122913754                              {pd product} {ergonomic}
    uintx ProfiledCodeHeapSize                     = 122913754                              {pd product} {ergonomic}
    uintx ReservedCodeCacheSize                    = 251658240                              {pd product} {ergonomic}
     bool SegmentedCodeCache                       = true                                      {product} {ergonomic}
     bool UseCompressedClassPointers               = true                                 {lp64_product} {ergonomic}
     bool UseCompressedOops                        = true                                 {lp64_product} {ergonomic}
     bool UseG1GC                                  = true                                      {product} {ergonomic}
     bool UseLargePagesIndividualAllocation        = false                                  {pd product} {ergonomic}

Logging:
Log output configuration:
 #0: stdout all=warning uptime,level,tags
 #1: stderr all=off uptime,level,tags

Environment Variables:
JAVA_HOME=C:\Program Files\Android\Android Studio\jre
PATH=C:\Windows\system32;C:\Windows;C:\Windows\System32\Wbem;C:\Windows\System32\WindowsPowerShell\v1.0\;C:\Windows\System32\OpenSSH\;C:\Program Files\Git\cmd;C:\Program Files\Android\Android Studio\jre\bin;C:\Users\FADEL\AppData\Local\Microsoft\WindowsApps;;C:\Users\FADEL\AppData\Local\Programs\Microsoft VS Code\bin
USERNAME=FADEL
OS=Windows_NT
PROCESSOR_IDENTIFIER=Intel64 Family 6 Model 142 Stepping 9, GenuineIntel



---------------  S Y S T E M  ---------------

OS: Windows 10 , 64 bit Build 19041 (10.0.19041.928)
OS uptime: 0 days 0:24 hours

CPU:total 4 (initial active 4) (2 cores per cpu, 2 threads per core) family 6 model 142 stepping 9, cmov, cx8, fxsr, mmx, sse, sse2, sse3, ssse3, sse4.1, sse4.2, popcnt, avx, avx2, aes, clmul, erms, 3dnowpref, lzcnt, ht, tsc, tscinvbit, bmi1, bmi2, adx, fma

Memory: 4k page, system-wide physical 16270M (10211M free)
TotalPageFile size 18702M (AvailPageFile size 12115M)
current process WorkingSet (physical memory assigned to process): 186M, peak: 188M
current process commit charge ("private bytes"): 412M, peak: 413M

vm_info: OpenJDK 64-Bit Server VM (11.0.8+10-b944.6842174) for windows-amd64 JRE (11.0.8+10-b944.6842174), built on Sep 19 2020 01:11:42 by "builder" with MS VC++ 14.0 (VS2015)

END.
